<?xml version="1.0" encoding="UTF-8"?>
<!-- Generated by org.testng.reporters.JUnitReportReporter -->
<testsuite skipped="0" hostname="Ramesh-PC" name="com.testautomation.TestRunners.PersonalConsumer.Personalconsumersetup" tests="1" failures="0" timestamp="30 Apr 2020 02:50:37 GMT" time="23.873" errors="0">
  <testcase name="feature" time="23.873" classname="com.testautomation.TestRunners.PersonalConsumer.Personalconsumersetup"/>
</testsuite> <!-- com.testautomation.TestRunners.PersonalConsumer.Personalconsumersetup -->
