<?xml version="1.0" encoding="UTF-8"?>
<!-- Generated by org.testng.reporters.JUnitReportReporter -->
<testsuite skipped="0" hostname="Ramesh-PC" name="com.testautomation.TestRunners.PCSetUp.PersonalConsumerMaintenance" tests="1" failures="0" timestamp="29 Apr 2020 17:20:13 GMT" time="41.958" errors="0">
  <testcase name="feature" time="41.958" classname="com.testautomation.TestRunners.PCSetUp.PersonalConsumerMaintenance"/>
</testsuite> <!-- com.testautomation.TestRunners.PCSetUp.PersonalConsumerMaintenance -->
