<?xml version="1.0" encoding="UTF-8"?>
<!-- Generated by org.testng.reporters.JUnitReportReporter -->
<testsuite skipped="0" hostname="Ramesh-PC" name="com.testautomation.StepDefination.Timesheet" tests="1" failures="0" timestamp="29 Apr 2020 10:47:39 GMT" time="27.076" errors="0">
  <testcase name="TimeSheetSignin" time="27.076" classname="com.testautomation.StepDefination.Timesheet"/>
</testsuite> <!-- com.testautomation.StepDefination.Timesheet -->
