<?xml version="1.0" encoding="UTF-8"?>
<!-- Generated by org.testng.reporters.JUnitReportReporter -->
<testsuite skipped="0" hostname="Ramesh-PC" name="com.testautomation.TestRunner.TestRunner" tests="1" failures="0" timestamp="29 Apr 2020 16:47:25 GMT" time="41.118" errors="0">
  <testcase name="feature" time="41.118" classname="com.testautomation.TestRunner.TestRunner"/>
</testsuite> <!-- com.testautomation.TestRunner.TestRunner -->
