<?xml version="1.0" encoding="UTF-8"?>
<!-- Generated by org.testng.reporters.JUnitReportReporter -->
<testsuite skipped="0" hostname="Ramesh-PC" name="com.testautomation.TestRunners.PCSetUp.Personalconsumersetup" tests="1" failures="0" timestamp="29 Apr 2020 17:20:13 GMT" time="25.180" errors="0">
  <testcase name="feature" time="25.180" classname="com.testautomation.TestRunners.PCSetUp.Personalconsumersetup"/>
</testsuite> <!-- com.testautomation.TestRunners.PCSetUp.Personalconsumersetup -->
