<?xml version="1.0" encoding="UTF-8"?>
<!-- Generated by org.testng.reporters.JUnitReportReporter -->
<testsuite skipped="0" hostname="Ramesh-PC" name="com.testautomation.TestRunner.TestRunner" tests="1" failures="0" timestamp="11 Jul 2020 12:06:13 GMT" time="48.177" errors="0">
  <testcase name="feature" time="48.177" classname="com.testautomation.TestRunner.TestRunner"/>
</testsuite> <!-- com.testautomation.TestRunner.TestRunner -->
