<?xml version="1.0" encoding="UTF-8"?>
<!-- Generated by org.testng.reporters.JUnitReportReporter -->
<testsuite skipped="0" hostname="Ramesh-PC" name="com.testautomation.TestRunners.PersonalConsumer.PersonalConsumerMaintenance" tests="1" failures="0" timestamp="30 Apr 2020 02:50:37 GMT" time="37.663" errors="0">
  <testcase name="feature" time="37.663" classname="com.testautomation.TestRunners.PersonalConsumer.PersonalConsumerMaintenance"/>
</testsuite> <!-- com.testautomation.TestRunners.PersonalConsumer.PersonalConsumerMaintenance -->
